<?xml version="1.0" encoding="UTF-8"?>
<!-- Generated by org.testng.reporters.JUnitXMLReporter -->
<testsuite hostname="THR015-QA" ignored="0" name="Default test" tests="3" failures="0" timestamp="29 Apr 2019 13:15:06 GMT" time="0.076" errors="0">
  <testcase name="testArrays" time="0.028" classname="PracticeExercises.ReportersandAsserts"/>
  <testcase name="testInt" time="0.0" classname="PracticeExercises.ReportersandAsserts"/>
  <testcase name="testStrings" time="0.0" classname="PracticeExercises.ReportersandAsserts"/>
</testsuite> <!-- Default test -->
