<?xml version="1.0" encoding="UTF-8"?>
<!-- Generated by org.testng.reporters.JUnitXMLReporter -->
<testsuite hostname="THR015-QA" ignored="2" name="PracticeGrouping" tests="3" failures="0" timestamp="25 Apr 2019 19:00:23 GMT" time="0.082" errors="0">
  <testcase name="Car1" time="0.016" classname="PracticeExercises.FirstTestNGGroup"/>
  <testcase name="Car2" time="0.004" classname="PracticeExercises.FirstTestNGGroup"/>
  <testcase name="Sedan" time="0.008" classname="PracticeExercises.FirstTestNGGroup"/>
  <testcase name="Scoter2" time="0.0" classname="PracticeExercises.FirstTestNGGroup">
    <ignored/>
  </testcase> <!-- Scoter2 -->
  <testcase name="Scooter1" time="0.0" classname="PracticeExercises.FirstTestNGGroup">
    <ignored/>
  </testcase> <!-- Scooter1 -->
</testsuite> <!-- PracticeGrouping -->
